0 info it worked if it ends with ok
1 verbose cli [ '/Users/Mikeysax/.nvm/versions/node/v6.4.0/bin/node',
1 verbose cli   '/Users/Mikeysax/Desktop/Code/Munote/node_modules/.bin/npm',
1 verbose cli   'run',
1 verbose cli   'start-dev' ]
2 info using npm@3.10.6
3 info using node@v6.4.0
4 verbose run-script [ 'prestart-dev', 'start-dev', 'poststart-dev' ]
5 info lifecycle Munote@0.0.1~prestart-dev: Munote@0.0.1
6 silly lifecycle Munote@0.0.1~prestart-dev: no script for prestart-dev, continuing
7 info lifecycle Munote@0.0.1~start-dev: Munote@0.0.1
8 verbose lifecycle Munote@0.0.1~start-dev: unsafe-perm in lifecycle true
9 verbose lifecycle Munote@0.0.1~start-dev: PATH: /Users/Mikeysax/Desktop/Code/Munote/node_modules/npm/bin/node-gyp-bin:/Users/Mikeysax/Desktop/Code/Munote/node_modules/.bin:/Users/Mikeysax/.nvm/versions/node/v6.4.0/lib/node_modules/npm/bin/node-gyp-bin:/Users/Mikeysax/Desktop/Code/Munote/node_modules/.bin:/Users/Mikeysax/.nvm/versions/node/v6.4.0/bin:/Users/Mikeysax/.rvm/gems/ruby-2.3.1/bin:/Users/Mikeysax/.rvm/gems/ruby-2.3.1@global/bin:/Users/Mikeysax/.rvm/rubies/ruby-2.3.1/bin:/Users/Mikeysax/.nvm/versions/node/v6.4.0/bin:/Applications/Postgres.app/Contents/Versions/latest/bin:/usr/local/bin:/usr/bin:/bin:/usr/sbin:/sbin:/Users/Mikeysax/.rvm/bin
10 verbose lifecycle Munote@0.0.1~start-dev: CWD: /Users/Mikeysax/Desktop/Code/Munote
11 silly lifecycle Munote@0.0.1~start-dev: Args: [ '-c',
11 silly lifecycle   'cross-env NODE_ENV=development electron -r babel-register -r babel-polyfill ./main.development & npm run dev-server' ]
12 silly lifecycle Munote@0.0.1~start-dev: Returned: code: 1  signal: null
13 info lifecycle Munote@0.0.1~start-dev: Failed to exec start-dev script
14 verbose stack Error: Munote@0.0.1 start-dev: `cross-env NODE_ENV=development electron -r babel-register -r babel-polyfill ./main.development & npm run dev-server`
14 verbose stack Exit status 1
14 verbose stack     at EventEmitter.<anonymous> (/Users/Mikeysax/Desktop/Code/Munote/node_modules/npm/lib/utils/lifecycle.js:255:16)
14 verbose stack     at emitTwo (events.js:106:13)
14 verbose stack     at EventEmitter.emit (events.js:191:7)
14 verbose stack     at ChildProcess.<anonymous> (/Users/Mikeysax/Desktop/Code/Munote/node_modules/npm/lib/utils/spawn.js:40:14)
14 verbose stack     at emitTwo (events.js:106:13)
14 verbose stack     at ChildProcess.emit (events.js:191:7)
14 verbose stack     at maybeClose (internal/child_process.js:852:16)
14 verbose stack     at Process.ChildProcess._handle.onexit (internal/child_process.js:215:5)
15 verbose pkgid Munote@0.0.1
16 verbose cwd /Users/Mikeysax/Desktop/Code/Munote
17 error Darwin 15.5.0
18 error argv "/Users/Mikeysax/.nvm/versions/node/v6.4.0/bin/node" "/Users/Mikeysax/Desktop/Code/Munote/node_modules/.bin/npm" "run" "start-dev"
19 error node v6.4.0
20 error npm  v3.10.6
21 error code ELIFECYCLE
22 error Munote@0.0.1 start-dev: `cross-env NODE_ENV=development electron -r babel-register -r babel-polyfill ./main.development & npm run dev-server`
22 error Exit status 1
23 error Failed at the Munote@0.0.1 start-dev script 'cross-env NODE_ENV=development electron -r babel-register -r babel-polyfill ./main.development & npm run dev-server'.
23 error Make sure you have the latest version of node.js and npm installed.
23 error If you do, this is most likely a problem with the Munote package,
23 error not with npm itself.
23 error Tell the author that this fails on your system:
23 error     cross-env NODE_ENV=development electron -r babel-register -r babel-polyfill ./main.development & npm run dev-server
23 error You can get information on how to open an issue for this project with:
23 error     npm bugs Munote
23 error Or if that isn't available, you can get their info via:
23 error     npm owner ls Munote
23 error There is likely additional logging output above.
24 verbose exit [ 1, true ]
